310 [21216] INFO perfrun.launcher <> - Launcher main begin
319 [21216] INFO perfrun.launcher <> - MessageCatalogInit finished
319 [21216] INFO perfrun.launcher <> - Launcher instance created
319 [21216] INFO perfrun.launcher <> - argc = 7; cmdline = C:\Program Files (x86)\Intel\oneAPI\vtune\latest\bin64\amplxe-runss.exe --ui-output-format xml --ui-output-fd 912 --option-file C:\Users\lynch\Documents\GitHub\GUI-Thermakin2D\ThermaKin2D App\ThermaKin2Dm Code - unknown\thermakin3\Intel® VTune™ Profiler Results\thermakin3\r001hs\config\runss.options 
349 [21216] INFO perfrun.launcher <> - New signal handler callback was added
567 [21216] INFO perfrun.launcher <> - create msngr2::ICliToolContext
567 [21216] INFO perfrun.launcher <> - create file finder object
568 [21216] INFO perfrun.launcher <> - create a result directory: pattern = C:\Users\lynch\Documents\GitHub\GUI-Thermakin2D\ThermaKin2D App\ThermaKin2Dm Code - unknown\thermakin3\Intel® VTune™ Profiler Results\thermakin3\r001hs pid = 4294967295
579 [21216] INFO perfrun.launcher <> - create data directory = C:\Users\lynch\Documents\GitHub\GUI-Thermakin2D\ThermaKin2D App\ThermaKin2Dm Code - unknown\thermakin3\Intel® VTune™ Profiler Results\thermakin3\r001hs\data.0
580 [21216] INFO perfrun.launcher <> - Creating the master collection flag
594 [21216] INFO perfrun.launcher <> - Done creating the master collection flag
595 [19312] INFO perfrun.launcher <> - plugin [remoteplug] was disabled because it doesn't support the given collection type.
595 [19312] INFO perfrun.sdk <> - Allocating TMU :C:\Users\lynch\Documents\GitHub\GUI-Thermakin2D\ThermaKin2D App\ThermaKin2Dm Code - unknown\thermakin3\Intel® VTune™ Profiler Results\thermakin3\r001hs\data.0\systemcollector-14148-DESKTOP-AOS52UV.sc
596 [19312] INFO perfrun.launcher <> - plugin [] was disabled because it doesn't support the given collection type.
606 [19312] INFO perfrun.launcher <> - plugin [] was disabled because it doesn't support the given collection type.
606 [19312] INFO perfrun.launcher <> - plugin [gpu] was disabled because it doesn't support the given collection type.
606 [19312] INFO perfrun.launcher <> - plugin [etw.kernel] was disabled because it doesn't support the given collection type.
606 [19312] INFO perfrun.launcher <> - plugin [etw.dx] was disabled because it doesn't support the given collection type.
606 [19312] INFO perfrun.launcher <> - plugin [etw.wsa] was disabled because it doesn't support the given collection type.
606 [19312] INFO perfrun.mrte <> - system-wide mode is 0
607 [19312] INFO perfrun.mrte <> - Getting  mrte profiling environment ...
708 [19312] INFO perfrun.mrte <> - INTEL_MRTE_DATA_DIR=C:\Users\lynch\Documents\GitHub\GUI-Thermakin2D\ThermaKin2D App\ThermaKin2Dm Code - unknown\thermakin3\Intel® VTune™ Profiler Results\thermakin3\r001hs\data.0
708 [19312] INFO perfrun.mrte <> - INTEL_MRTE_HOST_NAME=DESKTOP-AOS52UV
708 [19312] INFO perfrun.mrte <> - JAVA_TOOL_OPTIONS=-agentlib:amplxe_tpssmrte_javaprof_1.0
709 [19312] INFO perfrun.mrte <> - PATH=C:\Program Files (x86)\Intel\oneAPI\vtune\latest\bin32\runtime;C:\Program Files (x86)\Intel\oneAPI\vtune\latest\bin64\runtime;C:\Program Files (x86)\Intel\oneAPI\tbb\latest\env\..\redist\intel64\vc14;C:\Program Files (x86)\Intel\oneAPI\mpi\latest\env\..\libfabric\bin\utils;C:\Program Files (x86)\Intel\oneAPI\mpi\latest\env\..\libfabric\bin;C:\Program Files (x86)\Intel\oneAPI\mpi\latest\env\..\bin\release;C:\Program Files (x86)\Intel\oneAPI\mpi\latest\env\..\bin;C:\Program Files (x86)\Intel\oneAPI\mkl\latest\redist\intel64;C:\Program Files (x86)\Intel\oneAPI\mkl\latest\bin\intel64;C:\Program Files (x86)\Intel\oneAPI\itac\latest\bin;C:\Program Files (x86)\Intel\oneAPI\itac\latest\dll;C:\Program Files (x86)\Intel\oneAPI\ipp\latest\redist\intel64;C:\Program Files (x86)\Intel\oneAPI\dpcpp-ct\latest\env\..\bin;C:\Program Files (x86)\Intel\oneAPI\dev-utilities\latest\bin;C:\Program Files (x86)\Intel\oneAPI\debugger\latest\env\\..\gdb\intel64\bin;C:\Program Files (x86)\Intel\oneAPI\compiler\latest\windows\bin;C:\Program Files (x86)\Intel\oneAPI\compiler\latest\windows\lib;C:\Program Files (x86)\Intel\oneAPI\compiler\latest\windows\bin\intel64;C:\Program Files (x86)\Intel\oneAPI\compiler\latest\windows\redist\intel64_win\compiler;C:\Program Files (x86)\Intel\oneAPI\compiler\latest\windows\lib\oclfpga\host\windows64\bin;C:\Program Files (x86)\Intel\oneAPI\compiler\latest\windows\lib\oclfpga\bin;C:\Program Files (x86)\Microsoft Visual Studio\2019\Community\VC\Tools\MSVC\14.29.30133\bin\HostX64\x64;C:\Program Files (x86)\Microsoft Visual Studio\2019\Community\Common7\IDE\VC\VCPackages;C:\Program Files (x86)\Microsoft Visual Studio\2019\Community\Common7\IDE\CommonExtensions\Microsoft\TestWindow;C:\Program Files (x86)\Microsoft Visual Studio\2019\Community\Common7\IDE\CommonExtensions\Microsoft\TeamFoundation\Team Explorer;C:\Program Files (x86)\Microsoft Visual Studio\2019\Community\MSBuild\Current\bin\Roslyn;C:\Program Files (x86)\Microsoft Visual Studio\2019\Community\Team Tools\Performance Tools\x64;C:\Program Files (x86)\Microsoft Visual Studio\2019\Community\Team Tools\Performance Tools;C:\Program Files (x86)\Microsoft Visual Studio\Shared\Common\VSPerfCollectionTools\vs2019\\x64;C:\Program Files (x86)\Microsoft Visual Studio\Shared\Common\VSPerfCollectionTools\vs2019\;C:\Program Files (x86)\Microsoft SDKs\Windows\v10.0A\bin\NETFX 4.7.2 Tools\x64\;C:\Program Files (x86)\Microsoft Visual Studio\2019\Community\Common7\Tools\devinit;C:\Program Files (x86)\Windows Kits\10\bin\10.0.19041.0\x64;C:\Program Files (x86)\Windows Kits\10\bin\x64;C:\Program Files (x86)\Microsoft Visual Studio\2019\Community\\MSBuild\Current\Bin;C:\Windows\Microsoft.NET\Framework64\v4.0.30319;C:\Program Files (x86)\Microsoft Visual Studio\2019\Community\Common7\IDE\;C:\Program Files (x86)\Microsoft Visual Studio\2019\Community\Common7\Tools\;C:\Program Files (x86)\Intel\oneAPI\mpi\latest\bin\;C:\Program Files (x86)\Intel\oneAPI\mpi\latest\bin\release\;C:\Program Files (x86)\Intel\oneAPI\mpi\latest\libfabric\bin\;C:\Program Files (x86)\Intel\oneAPI\mpi\latest\libfabric\bin\utils\;C:\Program Files (x86)\Intel\oneAPI\tbb\latest\redist\intel64\vc_mt\;C:\Program Files (x86)\Intel\oneAPI\tbb\latest\redist\ia32\vc_mt\;C:\Program Files (x86)\Intel\oneAPI\compiler\latest\windows\redist\intel64_win\compiler;C:\Program Files (x86)\Intel\oneAPI\compiler\latest\windows\redist\ia32_win\compiler;C:\Program Files (x86)\VMware\VMware Player\bin\;C:\Program Files\ImageMagick-7.1.0-Q16-HDRI;C:\Windows\system32;C:\Windows;C:\Windows\System32\Wbem;C:\Windows\System32\WindowsPowerShell\v1.0\;C:\Windows\System32\OpenSSH\;C:\Program Files\dotnet\;C:\Program Files\MATLAB\R2023a\runtime\win64;C:\Program Files\MATLAB\R2023a\bin;C:\Program Files\gs\gs9.56.0\bin;C:\Program Files (x86)\dotnet\;C:\Program Files\Git\cmd;C:\Program Files (x86)\Microsoft Visual Studio\2019\Community\Common7\IDE\CommonExtensions\Microsoft\CMake\CMake\bin;C:\Program Files (x86)\Microsoft Visual Studio\2019\Community\Common7\IDE\CommonExtensions\Microsoft\CMake\Ninja;C:\Program Files (x86)\Intel\oneAPI\advisor\latest\bin64;C:\Program Files (x86)\Intel\oneAPI\compiler\latest\windows\lib\ocloc;C:\Program Files (x86)\Intel\oneAPI\inspector\latest\bin64;C:\Program Files (x86)\Intel\oneAPI\vtune\latest\bin64
710 [19312] INFO perfrun.mrte <> - COR_ENABLE_PROFILING=1
711 [19312] INFO perfrun.mrte <> - COR_PROFILER={AA5E4821-E3B1-479c-B7FF-5AD047D22CED}
711 [19312] INFO perfrun.mrte <> - COMPLUS_ProfAPI_ProfilerCompatibilitySetting=EnableV2Profiler
711 [19312] INFO perfrun.mrte <> - CORECLR_ENABLE_PROFILING=1
711 [19312] INFO perfrun.mrte <> - CORECLR_PROFILER={AA5E4821-E3B1-479c-B7FF-5AD047D22CED}
711 [19312] INFO perfrun.mrte <> - CORECLR_PROFILER_PATH=C:\Program Files (x86)\Intel\oneAPI\vtune\latest\bin64/amplxe_samplingmrte_clrprof_1.0.dll
711 [19312] INFO perfrun.mrte <> - INTEL_MRTE_PROFILER_MODE=mixed
711 [19312] INFO perfrun.mrte <> - Data directory: C:\Users\lynch\Documents\GitHub\GUI-Thermakin2D\ThermaKin2D App\ThermaKin2Dm Code - unknown\thermakin3\Intel® VTune™ Profiler Results\thermakin3\r001hs\data.0
711 [19312] INFO perfrun.mrte <> - Mrte plugin is initialized
711 [19312] INFO perfrun.launcher <> - plugin [emon] was disabled because it doesn't support the given collection type.
711 [19312] INFO perfrun.launcher <> - plugin [cuscol] was disabled because it doesn't support the given collection type.
711 [19312] INFO perfrun.launcher <> - plugin [stdsrc] was disabled because it doesn't support the given collection type.
712 [19312] INFO perfrun.launcher <> - plugin [sep] was disabled because it doesn't support the given collection type.
712 [19312] INFO perfrun.launcher <> - plugin [vtsspp] was disabled because it doesn't support the given collection type.
712 [19312] INFO perfrun.launcher <> - plugin [] was disabled because it doesn't support the given collection type.
712 [19312] INFO perfrun.launcher <> - plugin [aoclprofile] was disabled because it doesn't support the given collection type.
712 [19312] INFO perfrun.tpss <> - initialize tpss controller
712 [19312] INFO perfrun.tpss <> - configure collection mode: value = cpu:counters:nostack
712 [19312] INFO perfrun.tpss <> - configure collection mode: value = cpu:stack
712 [19312] INFO perfrun.tpss <> - default obj-size-min=1024
712 [19312] INFO perfrun.tpss <> - default hash-table-size=0
712 [19312] INFO perfrun.launcher <> - plugin [] was disabled because it doesn't support the given collection type.
712 [19312] INFO perfrun.launcher <> - plugin [] was disabled because it doesn't support the given collection type.
712 [19312] INFO perfrun.launcher <> - plugin [] was disabled because it doesn't support the given collection type.
712 [19312] INFO perfrun.launcher <> - plugin [] was disabled because it doesn't support the given collection type.
712 [19312] INFO perfrun.launcher <> - plugin [power] was disabled because it doesn't support the given collection type.
712 [19312] INFO perfrun.launcher <> - plugin [hwloc] was disabled because it doesn't support the given collection type.
713 [19312] INFO perfrun.launcher <> - plugin [ipmwatch] was disabled because it doesn't support the given collection type.
713 [19312] INFO perfrun.launcher <> - plugin [os_counters] was disabled because it doesn't support the given collection type.
713 [19312] INFO perfrun.launcher <> - plugin [l0_metrics] was disabled because it doesn't support the given collection type.
713 [21216] INFO perfrun.launcher <> - set environment variable: PATH = C:\Program Files (x86)\Intel\oneAPI\vtune\latest\bin32\runtime;C:\Program Files (x86)\Intel\oneAPI\vtune\latest\bin64\runtime;C:\Program Files (x86)\Intel\oneAPI\tbb\latest\env\..\redist\intel64\vc14;C:\Program Files (x86)\Intel\oneAPI\mpi\latest\env\..\libfabric\bin\utils;C:\Program Files (x86)\Intel\oneAPI\mpi\latest\env\..\libfabric\bin;C:\Program Files (x86)\Intel\oneAPI\mpi\latest\env\..\bin\release;C:\Program Files (x86)\Intel\oneAPI\mpi\latest\env\..\bin;C:\Program Files (x86)\Intel\oneAPI\mkl\latest\redist\intel64;C:\Program Files (x86)\Intel\oneAPI\mkl\latest\bin\intel64;C:\Program Files (x86)\Intel\oneAPI\itac\latest\bin;C:\Program Files (x86)\Intel\oneAPI\itac\latest\dll;C:\Program Files (x86)\Intel\oneAPI\ipp\latest\redist\intel64;C:\Program Files (x86)\Intel\oneAPI\dpcpp-ct\latest\env\..\bin;C:\Program Files (x86)\Intel\oneAPI\dev-utilities\latest\bin;C:\Program Files (x86)\Intel\oneAPI\debugger\latest\env\\..\gdb\intel64\bin;C:\Program Files (x86)\Intel\oneAPI\compiler\latest\windows\bin;C:\Program Files (x86)\Intel\oneAPI\compiler\latest\windows\lib;C:\Program Files (x86)\Intel\oneAPI\compiler\latest\windows\bin\intel64;C:\Program Files (x86)\Intel\oneAPI\compiler\latest\windows\redist\intel64_win\compiler;C:\Program Files (x86)\Intel\oneAPI\compiler\latest\windows\lib\oclfpga\host\windows64\bin;C:\Program Files (x86)\Intel\oneAPI\compiler\latest\windows\lib\oclfpga\bin;C:\Program Files (x86)\Microsoft Visual Studio\2019\Community\VC\Tools\MSVC\14.29.30133\bin\HostX64\x64;C:\Program Files (x86)\Microsoft Visual Studio\2019\Community\Common7\IDE\VC\VCPackages;C:\Program Files (x86)\Microsoft Visual Studio\2019\Community\Common7\IDE\CommonExtensions\Microsoft\TestWindow;C:\Program Files (x86)\Microsoft Visual Studio\2019\Community\Common7\IDE\CommonExtensions\Microsoft\TeamFoundation\Team Explorer;C:\Program Files (x86)\Microsoft Visual Studio\2019\Community\MSBuild\Current\bin\Roslyn;C:\Program Files (x86)\Microsoft Visual Studio\2019\Community\Team Tools\Performance Tools\x64;C:\Program Files (x86)\Microsoft Visual Studio\2019\Community\Team Tools\Performance Tools;C:\Program Files (x86)\Microsoft Visual Studio\Shared\Common\VSPerfCollectionTools\vs2019\\x64;C:\Program Files (x86)\Microsoft Visual Studio\Shared\Common\VSPerfCollectionTools\vs2019\;C:\Program Files (x86)\Microsoft SDKs\Windows\v10.0A\bin\NETFX 4.7.2 Tools\x64\;C:\Program Files (x86)\Microsoft Visual Studio\2019\Community\Common7\Tools\devinit;C:\Program Files (x86)\Windows Kits\10\bin\10.0.19041.0\x64;C:\Program Files (x86)\Windows Kits\10\bin\x64;C:\Program Files (x86)\Microsoft Visual Studio\2019\Community\\MSBuild\Current\Bin;C:\Windows\Microsoft.NET\Framework64\v4.0.30319;C:\Program Files (x86)\Microsoft Visual Studio\2019\Community\Common7\IDE\;C:\Program Files (x86)\Microsoft Visual Studio\2019\Community\Common7\Tools\;C:\Program Files (x86)\Intel\oneAPI\mpi\latest\bin\;C:\Program Files (x86)\Intel\oneAPI\mpi\latest\bin\release\;C:\Program Files (x86)\Intel\oneAPI\mpi\latest\libfabric\bin\;C:\Program Files (x86)\Intel\oneAPI\mpi\latest\libfabric\bin\utils\;C:\Program Files (x86)\Intel\oneAPI\tbb\latest\redist\intel64\vc_mt\;C:\Program Files (x86)\Intel\oneAPI\tbb\latest\redist\ia32\vc_mt\;C:\Program Files (x86)\Intel\oneAPI\compiler\latest\windows\redist\intel64_win\compiler;C:\Program Files (x86)\Intel\oneAPI\compiler\latest\windows\redist\ia32_win\compiler;C:\Program Files (x86)\VMware\VMware Player\bin\;C:\Program Files\ImageMagick-7.1.0-Q16-HDRI;C:\Windows\system32;C:\Windows;C:\Windows\System32\Wbem;C:\Windows\System32\WindowsPowerShell\v1.0\;C:\Windows\System32\OpenSSH\;C:\Program Files\dotnet\;C:\Program Files\MATLAB\R2023a\runtime\win64;C:\Program Files\MATLAB\R2023a\bin;C:\Program Files\gs\gs9.56.0\bin;C:\Program Files (x86)\dotnet\;C:\Program Files\Git\cmd;C:\Program Files (x86)\Microsoft Visual Studio\2019\Community\Common7\IDE\CommonExtensions\Microsoft\CMake\CMake\bin;C:\Program Files (x86)\Microsoft Visual Studio\2019\Community\Common7\IDE\CommonExtensions\Microsoft\CMake\Ninja;C:\Program Files (x86)\Intel\oneAPI\advisor\latest\bin64;C:\Program Files (x86)\Intel\oneAPI\compiler\latest\windows\lib\ocloc;C:\Program Files (x86)\Intel\oneAPI\inspector\latest\bin64;C:\Program Files (x86)\Intel\oneAPI\vtune\latest\bin64
714 [21216] INFO perfrun.launcher <> - set environment variable: INTEL_LIBITTNOTIFY32 = C:\Program Files (x86)\Intel\oneAPI\vtune\latest\bin32\runtime\ittnotify_collector.dll
714 [21216] INFO perfrun.launcher <> - set environment variable: INTEL_LIBITTNOTIFY64 = C:\Program Files (x86)\Intel\oneAPI\vtune\latest\bin64\runtime\ittnotify_collector.dll
715 [21216] INFO perfrun.launcher <> - set environment variable: INTEL_ITTNOTIFY_GROUPS = 
715 [21216] INFO perfrun.launcher <> - set environment variable: INTEL_JIT_PROFILER32 = C:\Program Files (x86)\Intel\oneAPI\vtune\latest\bin32\runtime\ittnotify_collector.dll
715 [21216] INFO perfrun.launcher <> - set environment variable: INTEL_JIT_PROFILER64 = C:\Program Files (x86)\Intel\oneAPI\vtune\latest\bin64\runtime\ittnotify_collector.dll
716 [21216] INFO perfrun.launcher <> - set environment variable: ENABLE_JITPROFILING = 1
716 [21216] INFO perfrun.launcher <> - set environment variable: CL_CONFIG_USE_VTUNE = True
716 [21216] INFO perfrun.launcher <> - set environment variable: KMP_FORKJOIN_FRAMES = 0
717 [21216] INFO perfrun.launcher <> - set environment variable: KMP_FORKJOIN_FRAMES_MODE = 0
717 [21216] INFO perfrun.launcher <> - set environment variable: INTEL_MRTE_DATA_DIR = C:\Users\lynch\Documents\GitHub\GUI-Thermakin2D\ThermaKin2D App\ThermaKin2Dm Code - unknown\thermakin3\Intel® VTune™ Profiler Results\thermakin3\r001hs\data.0
718 [21216] INFO perfrun.launcher <> - set environment variable: INTEL_MRTE_HOST_NAME = DESKTOP-AOS52UV
718 [21216] INFO perfrun.launcher <> - set environment variable: JAVA_TOOL_OPTIONS = -agentlib:amplxe_tpssmrte_javaprof_1.0
718 [21216] INFO perfrun.launcher <> - set environment variable: PATH = C:\Program Files (x86)\Intel\oneAPI\vtune\latest\bin32\runtime;C:\Program Files (x86)\Intel\oneAPI\vtune\latest\bin64\runtime;C:\Program Files (x86)\Intel\oneAPI\tbb\latest\env\..\redist\intel64\vc14;C:\Program Files (x86)\Intel\oneAPI\mpi\latest\env\..\libfabric\bin\utils;C:\Program Files (x86)\Intel\oneAPI\mpi\latest\env\..\libfabric\bin;C:\Program Files (x86)\Intel\oneAPI\mpi\latest\env\..\bin\release;C:\Program Files (x86)\Intel\oneAPI\mpi\latest\env\..\bin;C:\Program Files (x86)\Intel\oneAPI\mkl\latest\redist\intel64;C:\Program Files (x86)\Intel\oneAPI\mkl\latest\bin\intel64;C:\Program Files (x86)\Intel\oneAPI\itac\latest\bin;C:\Program Files (x86)\Intel\oneAPI\itac\latest\dll;C:\Program Files (x86)\Intel\oneAPI\ipp\latest\redist\intel64;C:\Program Files (x86)\Intel\oneAPI\dpcpp-ct\latest\env\..\bin;C:\Program Files (x86)\Intel\oneAPI\dev-utilities\latest\bin;C:\Program Files (x86)\Intel\oneAPI\debugger\latest\env\\..\gdb\intel64\bin;C:\Program Files (x86)\Intel\oneAPI\compiler\latest\windows\bin;C:\Program Files (x86)\Intel\oneAPI\compiler\latest\windows\lib;C:\Program Files (x86)\Intel\oneAPI\compiler\latest\windows\bin\intel64;C:\Program Files (x86)\Intel\oneAPI\compiler\latest\windows\redist\intel64_win\compiler;C:\Program Files (x86)\Intel\oneAPI\compiler\latest\windows\lib\oclfpga\host\windows64\bin;C:\Program Files (x86)\Intel\oneAPI\compiler\latest\windows\lib\oclfpga\bin;C:\Program Files (x86)\Microsoft Visual Studio\2019\Community\VC\Tools\MSVC\14.29.30133\bin\HostX64\x64;C:\Program Files (x86)\Microsoft Visual Studio\2019\Community\Common7\IDE\VC\VCPackages;C:\Program Files (x86)\Microsoft Visual Studio\2019\Community\Common7\IDE\CommonExtensions\Microsoft\TestWindow;C:\Program Files (x86)\Microsoft Visual Studio\2019\Community\Common7\IDE\CommonExtensions\Microsoft\TeamFoundation\Team Explorer;C:\Program Files (x86)\Microsoft Visual Studio\2019\Community\MSBuild\Current\bin\Roslyn;C:\Program Files (x86)\Microsoft Visual Studio\2019\Community\Team Tools\Performance Tools\x64;C:\Program Files (x86)\Microsoft Visual Studio\2019\Community\Team Tools\Performance Tools;C:\Program Files (x86)\Microsoft Visual Studio\Shared\Common\VSPerfCollectionTools\vs2019\\x64;C:\Program Files (x86)\Microsoft Visual Studio\Shared\Common\VSPerfCollectionTools\vs2019\;C:\Program Files (x86)\Microsoft SDKs\Windows\v10.0A\bin\NETFX 4.7.2 Tools\x64\;C:\Program Files (x86)\Microsoft Visual Studio\2019\Community\Common7\Tools\devinit;C:\Program Files (x86)\Windows Kits\10\bin\10.0.19041.0\x64;C:\Program Files (x86)\Windows Kits\10\bin\x64;C:\Program Files (x86)\Microsoft Visual Studio\2019\Community\\MSBuild\Current\Bin;C:\Windows\Microsoft.NET\Framework64\v4.0.30319;C:\Program Files (x86)\Microsoft Visual Studio\2019\Community\Common7\IDE\;C:\Program Files (x86)\Microsoft Visual Studio\2019\Community\Common7\Tools\;C:\Program Files (x86)\Intel\oneAPI\mpi\latest\bin\;C:\Program Files (x86)\Intel\oneAPI\mpi\latest\bin\release\;C:\Program Files (x86)\Intel\oneAPI\mpi\latest\libfabric\bin\;C:\Program Files (x86)\Intel\oneAPI\mpi\latest\libfabric\bin\utils\;C:\Program Files (x86)\Intel\oneAPI\tbb\latest\redist\intel64\vc_mt\;C:\Program Files (x86)\Intel\oneAPI\tbb\latest\redist\ia32\vc_mt\;C:\Program Files (x86)\Intel\oneAPI\compiler\latest\windows\redist\intel64_win\compiler;C:\Program Files (x86)\Intel\oneAPI\compiler\latest\windows\redist\ia32_win\compiler;C:\Program Files (x86)\VMware\VMware Player\bin\;C:\Program Files\ImageMagick-7.1.0-Q16-HDRI;C:\Windows\system32;C:\Windows;C:\Windows\System32\Wbem;C:\Windows\System32\WindowsPowerShell\v1.0\;C:\Windows\System32\OpenSSH\;C:\Program Files\dotnet\;C:\Program Files\MATLAB\R2023a\runtime\win64;C:\Program Files\MATLAB\R2023a\bin;C:\Program Files\gs\gs9.56.0\bin;C:\Program Files (x86)\dotnet\;C:\Program Files\Git\cmd;C:\Program Files (x86)\Microsoft Visual Studio\2019\Community\Common7\IDE\CommonExtensions\Microsoft\CMake\CMake\bin;C:\Program Files (x86)\Microsoft Visual Studio\2019\Community\Common7\IDE\CommonExtensions\Microsoft\CMake\Ninja;C:\Program Files (x86)\Intel\oneAPI\advisor\latest\bin64;C:\Program Files (x86)\Intel\oneAPI\compiler\latest\windows\lib\ocloc;C:\Program Files (x86)\Intel\oneAPI\inspector\latest\bin64;C:\Program Files (x86)\Intel\oneAPI\vtune\latest\bin64
719 [21216] INFO perfrun.launcher <> - set environment variable: COR_ENABLE_PROFILING = 1
719 [21216] INFO perfrun.launcher <> - set environment variable: COR_PROFILER = {AA5E4821-E3B1-479c-B7FF-5AD047D22CED}
719 [21216] INFO perfrun.launcher <> - set environment variable: COMPLUS_ProfAPI_ProfilerCompatibilitySetting = EnableV2Profiler
720 [21216] INFO perfrun.launcher <> - set environment variable: CORECLR_ENABLE_PROFILING = 1
720 [21216] INFO perfrun.launcher <> - set environment variable: CORECLR_PROFILER = {AA5E4821-E3B1-479c-B7FF-5AD047D22CED}
720 [21216] INFO perfrun.launcher <> - set environment variable: CORECLR_PROFILER_PATH = C:\Program Files (x86)\Intel\oneAPI\vtune\latest\bin64/amplxe_samplingmrte_clrprof_1.0.dll
721 [21216] INFO perfrun.launcher <> - set environment variable: INTEL_MRTE_PROFILER_MODE = mixed
721 [21216] INFO perfrun.launcher <> - RpcServer: run RPC server to handle requests
730 [21216] INFO perfrun.sdk <> - IProcessUtil: the given executable 'C:\Users\lynch\Documents\GitHub\GUI-Thermakin2D\ThermaKin2D App\ThermaKin2Dm Code - unknown\thermakin3\Release\thermakin3.exe' is valid.
730 [21216] INFO perfrun.launcher <> - Launcher: command line to start before modification = C:\Users\lynch\Documents\GitHub\GUI-Thermakin2D\ThermaKin2D App\ThermaKin2Dm Code - unknown\thermakin3\Release\thermakin3.exe
739 [21216] INFO perfrun.launcher <> - Launcher: command line to start after modification = C:\Program Files (x86)\Intel\oneAPI\vtune\2023.2.0\bin64\pin.exe -error_file C:\Users\lynch\Documents\GitHub\GUI-Thermakin2D\ThermaKin2D App\ThermaKin2Dm Code - unknown\thermakin3\Intel® VTune™ Profiler Results\thermakin3\r001hs\data.0\pinerr.tpsslog -detach_reattach -probe -follow_execv -p32 C:\Program Files (x86)\Intel\oneAPI\vtune\latest\bin32\pin.exe -p64 C:\Program Files (x86)\Intel\oneAPI\vtune\latest\bin64\pin.exe -t64 C:\Program Files (x86)\Intel\oneAPI\vtune\latest\bin64\tpsstool.dll -t C:\Program Files (x86)\Intel\oneAPI\vtune\latest\bin32\tpsstool.dll -server_name tpss_ipc.14148 -prd_dir C:\Program Files (x86)\Intel\oneAPI\vtune\2023.2.0 -- C:\Users\lynch\Documents\GitHub\GUI-Thermakin2D\ThermaKin2D App\ThermaKin2Dm Code - unknown\thermakin3\Release\thermakin3.exe
739 [21216] INFO perfrun.launcher <> - ProcessCreator object was created
746 [21216] INFO perfrun.launcher <> - Launcher: the process was started in suspend mode
747 [19312] INFO perfrun.itt <> - start itt controller for pid #11956
748 [19312] INFO perfrun.tpss <> - start tpss controller for pid #11956
814 [21216] INFO perfrun.launcher <> - Launcher: all plugins were started
814 [21216] INFO perfrun.launcher <> - DirectoryMonitor object was created
814 [21216] INFO perfrun.launcher <> - DirectoryMonitor: a callback was added
814 [21216] INFO perfrun.launcher <> - DirectoryMonitor was started with pingTime = 1000
814 [21216] INFO perfrun.launcher <> - DeadlineTimer is going to be constructed
815 [21216] INFO perfrun.launcher <> - DeadlineTimer: a callback was added
831 [21216] INFO perfrun.launcher <> - Launcher: resume the profiled application and  wait its termination or stop command
47231 [21216] INFO perfrun.launcher <> - Launcher: the profiled application was terminated  with exit code = 0
47251 [19312] INFO perfrun.itt <> - detach itt controller
47251 [19312] INFO perfrun.itt <> - detach itt controller done
47251 [19312] INFO perfrun.tpss <> - stop tpss controller
47252 [19312] INFO perfrun.sdk <> - De-allocating TMU: C:\Users\lynch\Documents\GitHub\GUI-Thermakin2D\ThermaKin2D App\ThermaKin2Dm Code - unknown\thermakin3\Intel® VTune™ Profiler Results\thermakin3\r001hs\data.0\systemcollector-14148-DESKTOP-AOS52UV.sc
47267 [19312] INFO perfrun.system <> - closed the system trace file: C:\Users\lynch\Documents\GitHub\GUI-Thermakin2D\ThermaKin2D App\ThermaKin2Dm Code - unknown\thermakin3\Intel® VTune™ Profiler Results\thermakin3\r001hs\data.0\systemcollector-14148-DESKTOP-AOS52UV.sc
47267 [21216] INFO perfrun.launcher <> - Launcher: all plugins were stopped.
47267 [21216] INFO perfrun.launcher <> - DeadlineTimer is going to be destroyed
47268 [21216] INFO perfrun.launcher <> - DeadlineTimer was destroyed
47268 [21216] INFO perfrun.launcher <> - DirectoryMonitor object was destroyed
47268 [21216] WARN perfrun.launcher <> - Stop command is ignored because it is received when collection is already stopped, at file: vcs\perfrun1\launcher\src\command_handler.cpp:226
47270 [21216] INFO perfrun.launcher <> - Application exit code: 0
47270 [21216] INFO perfrun.launcher <> - Exit code: 0
